Using pre-set license
Built from '2020.3/staging' branch; Version is '2020.3.0f1 (c7b5465681fb) revision 13088070'; Using compiler version '192528614'; Build Type 'Release'
OS: 'Windows 10 Pro; OS build 19042.928; Version 2009; 64bit' Language: 'es' Physical Memory: 16315 MB
BatchMode: 1, IsHumanControllingUs: 0, StartBugReporterOnCrash: 0, Is64bit: 1, IsPro: 0

 COMMAND LINE ARGUMENTS:
E:\Programas Instalados\2020.3.0f1\Editor\Unity.exe
-adb2
-batchMode
-noUpm
-name
AssetImportWorker1
-projectPath
E:/I-2021/MATERIAS/REALIDAD_AUMENTADA/EXAMENHITO3
-logFile
Logs/AssetImportWorker1.log
-srvPort
15157
Successfully changed project path to: E:/I-2021/MATERIAS/REALIDAD_AUMENTADA/EXAMENHITO3
E:/I-2021/MATERIAS/REALIDAD_AUMENTADA/EXAMENHITO3
Using Asset Import Pipeline V2.
Refreshing native plugins compatible for Editor in 70.58 ms, found 0 plugins.
Preloading 0 native plugins for Editor in 0.00 ms.
Initialize engine version: 2020.3.0f1 (c7b5465681fb)
[Subsystems] Discovering subsystems at path E:/Programas Instalados/2020.3.0f1/Editor/Data/Resources/UnitySubsystems
[Subsystems] Discovering subsystems at path E:/I-2021/MATERIAS/REALIDAD_AUMENTADA/EXAMENHITO3/Assets
GfxDevice: creating device client; threaded=0
Direct3D:
    Version:  Direct3D 11.0 [level 11.0]
    Renderer: NVIDIA Quadro K4000M (ID=0x11bd)
    Vendor:   
    VRAM:     4052 MB
    Driver:   25.21.14.2625
Initialize mono
Mono path[0] = 'E:/Programas Instalados/2020.3.0f1/Editor/Data/Managed'
Mono path[1] = 'E:/Programas Instalados/2020.3.0f1/Editor/Data/MonoBleedingEdge/lib/mono/unityjit'
Mono config path = 'E:/Programas Instalados/2020.3.0f1/Editor/Data/MonoBleedingEdge/etc'
Using monoOptions --debugger-agent=transport=dt_socket,embedding=1,server=y,suspend=n,address=127.0.0.1:56520
Begin MonoManager ReloadAssembly
Registering precompiled unity dll's ...
Register platform support module: E:/Programas Instalados/2020.3.0f1/Editor/Data/PlaybackEngines/WindowsStandaloneSupport/UnityEditor.WindowsStandalone.Extensions.dll
Registered in 0.005508 seconds.
Native extension for WindowsStandalone target not found
Refreshing native plugins compatible for Editor in 79.44 ms, found 0 plugins.
Preloading 0 native plugins for Editor in 0.00 ms.
Invoked RoslynAnalysisRunner static constructor.
RoslynAnalysisRunner will not be running.
RoslynAnalysisRunner has terminated.
Mono: successfully reloaded assembly
- Completed reload, in 10.796 seconds
Platform modules already initialized, skipping
Registering precompiled user dll's ...
Registered in 0.001482 seconds.
Begin MonoManager ReloadAssembly
Native extension for WindowsStandalone target not found
Refreshing native plugins compatible for Editor in 1.07 ms, found 0 plugins.
Preloading 0 native plugins for Editor in 0.00 ms.
Invoked RoslynAnalysisRunner static constructor.
RoslynAnalysisRunner will not be running.
RoslynAnalysisRunner has terminated.
Mono: successfully reloaded assembly
- Completed reload, in  2.752 seconds
Platform modules already initialized, skipping
========================================================================
Worker process is ready to serve import requests
Launched and connected shader compiler UnityShaderCompiler.exe after 0.13 seconds
Refreshing native plugins compatible for Editor in 0.53 ms, found 0 plugins.
Preloading 0 native plugins for Editor in 0.00 ms.
Unloading 1197 Unused Serialized files (Serialized files now loaded: 0)
System memory in use before: 71.7 MB.
System memory in use after: 71.7 MB.

Unloading 11 unused Assets to reduce memory usage. Loaded Objects now: 1656.
Total: 2.740600 ms (FindLiveObjects: 0.466500 ms CreateObjectMapping: 0.237100 ms MarkObjects: 1.916300 ms  DeleteObjects: 0.118800 ms)

========================================================================
Received Import Request.
  path: Assets/Plugins/Android/AndroidManifest.xml
  artifactKey: Guid(1916884162d6fd047b0aae80b619ce2e) Importer(815301076,1909f56bfc062723c751e8b465ee728b)
Start importing Assets/Plugins/Android/AndroidManifest.xml using Guid(1916884162d6fd047b0aae80b619ce2e) Importer(815301076,1909f56bfc062723c751e8b465ee728b)  -> (artifact id: '1eec462ed8704fe0dbb2f4322acea9b8') in 0.174552 seconds
  Import took 0.183225 seconds .

========================================================================
Received Import Request.
  Time since last request: 31.848102 seconds.
  path: Assets/Plugins/Android/AndroidManifest.xml
  artifactKey: Guid(1916884162d6fd047b0aae80b619ce2e) Importer(815301076,1909f56bfc062723c751e8b465ee728b)
Start importing Assets/Plugins/Android/AndroidManifest.xml using Guid(1916884162d6fd047b0aae80b619ce2e) Importer(815301076,1909f56bfc062723c751e8b465ee728b)  -> (artifact id: '42646880d86b22d2a8c9467e40233a27') in 0.189441 seconds
  Import took 0.212654 seconds .

========================================================================
Received Prepare
Refreshing native plugins compatible for Editor in 2.58 ms, found 0 plugins.
Preloading 0 native plugins for Editor in 0.00 ms.
Unloading 3 Unused Serialized files (Serialized files now loaded: 0)
System memory in use before: 47.8 MB.
System memory in use after: 47.9 MB.

Unloading 3 unused Assets to reduce memory usage. Loaded Objects now: 1656.
Total: 2.542600 ms (FindLiveObjects: 0.209800 ms CreateObjectMapping: 0.057100 ms MarkObjects: 2.189000 ms  DeleteObjects: 0.084300 ms)

========================================================================
Received Import Request.
  Time since last request: 655.234504 seconds.
  path: Assets/Plugins/Android/player.cs
  artifactKey: Guid(00018d0570216344d9c494f5d5b4eab4) Importer(815301076,1909f56bfc062723c751e8b465ee728b)
Start importing Assets/Plugins/Android/player.cs using Guid(00018d0570216344d9c494f5d5b4eab4) Importer(815301076,1909f56bfc062723c751e8b465ee728b)  -> (artifact id: '9c0fe5413955b611d0451817c0e2ff88') in 0.105609 seconds
  Import took 0.110980 seconds .

========================================================================
Received Prepare
Registering precompiled user dll's ...
Registered in 0.006689 seconds.
Begin MonoManager ReloadAssembly
Native extension for WindowsStandalone target not found
Refreshing native plugins compatible for Editor in 0.34 ms, found 0 plugins.
Preloading 0 native plugins for Editor in 0.00 ms.
Invoked RoslynAnalysisRunner static constructor.
RoslynAnalysisRunner will not be running.
RoslynAnalysisRunner has terminated.
Mono: successfully reloaded assembly
- Completed reload, in  2.599 seconds
Platform modules already initialized, skipping
Switching build target platform(5) subTarget(0) extendedPlatform(0) -> platform(13) subTarget(589824) extendedPlatform(0)
Refreshing native plugins compatible for Editor in 0.65 ms, found 0 plugins.
Preloading 0 native plugins for Editor in 0.00 ms.
Unloading 1192 Unused Serialized files (Serialized files now loaded: 0)
System memory in use before: 71.3 MB.
System memory in use after: 71.4 MB.

Unloading 6 unused Assets to reduce memory usage. Loaded Objects now: 1661.
Total: 3.065800 ms (FindLiveObjects: 0.354800 ms CreateObjectMapping: 0.069900 ms MarkObjects: 2.537600 ms  DeleteObjects: 0.100900 ms)

AssetImportParameters requested are different than current active one (requested -> active):
  custom:graphics/normal-map-encoding: 01000000000000000000000000000000 -> 02000000000000000000000000000000
========================================================================
Received Prepare
Registering precompiled user dll's ...
Registered in 0.001389 seconds.
Begin MonoManager ReloadAssembly
Native extension for WindowsStandalone target not found
Refreshing native plugins compatible for Editor in 0.46 ms, found 0 plugins.
Preloading 0 native plugins for Editor in 0.00 ms.
Invoked RoslynAnalysisRunner static constructor.
RoslynAnalysisRunner will not be running.
RoslynAnalysisRunner has terminated.
Mono: successfully reloaded assembly
- Completed reload, in  1.723 seconds
Platform modules already initialized, skipping
Switching build target platform(5) subTarget(0) extendedPlatform(0) -> platform(13) subTarget(589824) extendedPlatform(0)
Refreshing native plugins compatible for Editor in 0.47 ms, found 0 plugins.
Preloading 0 native plugins for Editor in 0.00 ms.
Unloading 1192 Unused Serialized files (Serialized files now loaded: 0)
System memory in use before: 71.3 MB.
System memory in use after: 71.4 MB.

Unloading 6 unused Assets to reduce memory usage. Loaded Objects now: 1665.
Total: 2.132300 ms (FindLiveObjects: 0.165200 ms CreateObjectMapping: 0.051700 ms MarkObjects: 1.838600 ms  DeleteObjects: 0.074700 ms)

AssetImportParameters requested are different than current active one (requested -> active):
  custom:graphics/normal-map-encoding: 01000000000000000000000000000000 -> 02000000000000000000000000000000
========================================================================
Received Prepare
Registering precompiled user dll's ...
Registered in 0.001630 seconds.
Begin MonoManager ReloadAssembly
Native extension for WindowsStandalone target not found
Refreshing native plugins compatible for Editor in 0.47 ms, found 0 plugins.
Preloading 0 native plugins for Editor in 0.00 ms.
Invoked RoslynAnalysisRunner static constructor.
RoslynAnalysisRunner will not be running.
RoslynAnalysisRunner has terminated.
Mono: successfully reloaded assembly
- Completed reload, in  3.194 seconds
Platform modules already initialized, skipping
Switching build target platform(5) subTarget(0) extendedPlatform(0) -> platform(13) subTarget(589824) extendedPlatform(0)
Refreshing native plugins compatible for Editor in 0.87 ms, found 0 plugins.
Preloading 0 native plugins for Editor in 0.00 ms.
Unloading 1192 Unused Serialized files (Serialized files now loaded: 0)
System memory in use before: 71.3 MB.
System memory in use after: 71.4 MB.

Unloading 6 unused Assets to reduce memory usage. Loaded Objects now: 1669.
Total: 2.235400 ms (FindLiveObjects: 0.254800 ms CreateObjectMapping: 0.076100 ms MarkObjects: 1.814900 ms  DeleteObjects: 0.087200 ms)

AssetImportParameters requested are different than current active one (requested -> active):
  custom:graphics/normal-map-encoding: 01000000000000000000000000000000 -> 02000000000000000000000000000000
========================================================================
Received Prepare
Registering precompiled user dll's ...
Registered in 0.002166 seconds.
Begin MonoManager ReloadAssembly
Native extension for WindowsStandalone target not found
Refreshing native plugins compatible for Editor in 0.36 ms, found 0 plugins.
Preloading 0 native plugins for Editor in 0.00 ms.
Invoked RoslynAnalysisRunner static constructor.
RoslynAnalysisRunner will not be running.
RoslynAnalysisRunner has terminated.
Mono: successfully reloaded assembly
- Completed reload, in  2.144 seconds
Platform modules already initialized, skipping
Switching build target platform(5) subTarget(0) extendedPlatform(0) -> platform(13) subTarget(589824) extendedPlatform(0)
Refreshing native plugins compatible for Editor in 0.34 ms, found 0 plugins.
Preloading 0 native plugins for Editor in 0.00 ms.
Unloading 1192 Unused Serialized files (Serialized files now loaded: 0)
System memory in use before: 71.3 MB.
System memory in use after: 71.4 MB.

Unloading 6 unused Assets to reduce memory usage. Loaded Objects now: 1673.
Total: 2.318500 ms (FindLiveObjects: 0.161400 ms CreateObjectMapping: 0.051000 ms MarkObjects: 2.023900 ms  DeleteObjects: 0.079900 ms)

AssetImportParameters requested are different than current active one (requested -> active):
  custom:graphics/normal-map-encoding: 01000000000000000000000000000000 -> 02000000000000000000000000000000
========================================================================
Received Import Request.
  Time since last request: 632.144436 seconds.
  path: Assets/Polygonal Metalon/Demo Assets
  artifactKey: Guid(1faa190315021254494cbb457dc847ed) Importer(815301076,1909f56bfc062723c751e8b465ee728b)
Start importing Assets/Polygonal Metalon/Demo Assets using Guid(1faa190315021254494cbb457dc847ed) Importer(815301076,1909f56bfc062723c751e8b465ee728b)  -> (artifact id: '7b356a3da1a37ef0bacabc6d3848fc7a') in 0.013078 seconds
  Import took 0.016963 seconds .

========================================================================
Received Import Request.
  Time since last request: 0.075155 seconds.
  path: Assets/Polygonal Metalon/Demo Assets/Base Prefabs.prefab
  artifactKey: Guid(b71f0a1959c50814ab931c25475edcba) Importer(815301076,1909f56bfc062723c751e8b465ee728b)
Start importing Assets/Polygonal Metalon/Demo Assets/Base Prefabs.prefab using Guid(b71f0a1959c50814ab931c25475edcba) Importer(815301076,1909f56bfc062723c751e8b465ee728b)  -> (artifact id: 'c44ba6abfb6086531bafc33cee649834') in 0.438372 seconds
  Import took 0.442643 seconds .

========================================================================
Received Import Request.
  Time since last request: 0.000349 seconds.
  path: Assets/Polygonal Metalon/Demo Assets/Polygonal Creatures.asset
  artifactKey: Guid(a30dce614a64400498cb1551d48bacd7) Importer(815301076,1909f56bfc062723c751e8b465ee728b)
Start importing Assets/Polygonal Metalon/Demo Assets/Polygonal Creatures.asset using Guid(a30dce614a64400498cb1551d48bacd7) Importer(815301076,1909f56bfc062723c751e8b465ee728b)  -> (artifact id: '8a85aacb338b7ed759b9e8077101bbf1') in 0.012168 seconds
  Import took 0.015387 seconds .

========================================================================
Received Import Request.
  Time since last request: 0.000195 seconds.
  path: Assets/Polygonal Metalon/Demo Assets/Base.FBX
  artifactKey: Guid(d43fabc0c6249d84b8e67387e5f3a340) Importer(815301076,1909f56bfc062723c751e8b465ee728b)
Start importing Assets/Polygonal Metalon/Demo Assets/Base.FBX using Guid(d43fabc0c6249d84b8e67387e5f3a340) Importer(815301076,1909f56bfc062723c751e8b465ee728b)  -> (artifact id: '8119b7038eba7264c4898501fc104f36') in 0.498987 seconds
  Import took 0.502574 seconds .

========================================================================
Received Import Request.
  Time since last request: 0.000355 seconds.
  path: Assets/Polygonal Metalon/Demo Assets/Demo Ground 1.mat
  artifactKey: Guid(0aae032dca142c1458bfb151bb2e2f6a) Importer(815301076,1909f56bfc062723c751e8b465ee728b)
Start importing Assets/Polygonal Metalon/Demo Assets/Demo Ground 1.mat using Guid(0aae032dca142c1458bfb151bb2e2f6a) Importer(815301076,1909f56bfc062723c751e8b465ee728b)  -> (artifact id: '31361a256860d6dafbe5988d79e412ee') in 0.788677 seconds
  Import took 0.793455 seconds .

========================================================================
Received Import Request.
  Time since last request: 0.984373 seconds.
  path: Assets/Polygonal Metalon/Animators
  artifactKey: Guid(00320358ca55c7a41b49ab295502e017) Importer(815301076,1909f56bfc062723c751e8b465ee728b)
Start importing Assets/Polygonal Metalon/Animators using Guid(00320358ca55c7a41b49ab295502e017) Importer(815301076,1909f56bfc062723c751e8b465ee728b)  -> (artifact id: '3b00078ffd30dd7c43e7497e0ae2e74e') in 0.006953 seconds
  Import took 0.018267 seconds .

========================================================================
Received Import Request.
  Time since last request: 2.996272 seconds.
  path: Assets/Polygonal Metalon/Prefabs
  artifactKey: Guid(0110e0513c67e6149ba81d4faa1bb83e) Importer(815301076,1909f56bfc062723c751e8b465ee728b)
Start importing Assets/Polygonal Metalon/Prefabs using Guid(0110e0513c67e6149ba81d4faa1bb83e) Importer(815301076,1909f56bfc062723c751e8b465ee728b)  -> (artifact id: '5f230d0d5189e36e76fcc93b79904abb') in 0.008201 seconds
  Import took 0.011396 seconds .

========================================================================
Received Import Request.
  Time since last request: 0.098455 seconds.
  path: Assets/Polygonal Metalon/Prefabs/Polygonal Metalon Green.prefab
  artifactKey: Guid(7f931d4b5c97d194d8726ddf5acdd440) Importer(815301076,1909f56bfc062723c751e8b465ee728b)
Start importing Assets/Polygonal Metalon/Prefabs/Polygonal Metalon Green.prefab using Guid(7f931d4b5c97d194d8726ddf5acdd440) Importer(815301076,1909f56bfc062723c751e8b465ee728b)  -> (artifact id: '6610cc5c2a3dcba03370080b22d5f7e7') in 0.754280 seconds
  Import took 0.766888 seconds .

========================================================================
Received Import Request.
  Time since last request: 0.000355 seconds.
  path: Assets/Polygonal Metalon/Prefabs/Polygonal Metalon Red.prefab
  artifactKey: Guid(f88c6ad57910d8648807bcf0c131f49d) Importer(815301076,1909f56bfc062723c751e8b465ee728b)
Start importing Assets/Polygonal Metalon/Prefabs/Polygonal Metalon Red.prefab using Guid(f88c6ad57910d8648807bcf0c131f49d) Importer(815301076,1909f56bfc062723c751e8b465ee728b)  -> (artifact id: '837b01c1f2e6df4991dcdd1a57387bff') in 0.187055 seconds
  Import took 0.202077 seconds .

========================================================================
Received Import Request.
  Time since last request: 0.006493 seconds.
  path: Assets/Polygonal Metalon/Prefabs/Polygonal Metalon Purple.prefab
  artifactKey: Guid(e9a03d46b76afe246a9ffd58d255bb65) Importer(815301076,1909f56bfc062723c751e8b465ee728b)
Start importing Assets/Polygonal Metalon/Prefabs/Polygonal Metalon Purple.prefab using Guid(e9a03d46b76afe246a9ffd58d255bb65) Importer(815301076,1909f56bfc062723c751e8b465ee728b)  -> (artifact id: 'f79ee762cf2542821809d2ad7a903834') in 0.154032 seconds
  Import took 0.160367 seconds .

========================================================================
Received Import Request.
  Time since last request: 0.419140 seconds.
  path: Assets/Polygonal Metalon/Prefabs/Polygonal Metalon Purple.prefab
  artifactKey: Guid(e9a03d46b76afe246a9ffd58d255bb65) Importer(815301076,1909f56bfc062723c751e8b465ee728b)
Start importing Assets/Polygonal Metalon/Prefabs/Polygonal Metalon Purple.prefab using Guid(e9a03d46b76afe246a9ffd58d255bb65) Importer(815301076,1909f56bfc062723c751e8b465ee728b)  -> (artifact id: 'f79ee762cf2542821809d2ad7a903834') in 0.199483 seconds
  Import took 0.208053 seconds .

========================================================================
Received Prepare
Refreshing native plugins compatible for Editor in 1.54 ms, found 0 plugins.
Preloading 0 native plugins for Editor in 0.00 ms.
Unloading 3 Unused Serialized files (Serialized files now loaded: 0)
System memory in use before: 67.7 MB.
System memory in use after: 67.8 MB.

Unloading 4 unused Assets to reduce memory usage. Loaded Objects now: 1717.
Total: 33.747400 ms (FindLiveObjects: 0.290300 ms CreateObjectMapping: 0.068500 ms MarkObjects: 33.118700 ms  DeleteObjects: 0.267600 ms)

AssetImportWorkerClient::OnTransportError - code=2 error=End of file
